Loading nvidia/nvhpc/22.11
  Loading requirement: gcc/8.2.0
r2i7n[3,5-7]
Head node IP: 10.148.203.140
master_addr is only used for static rdzv_backend and when rdzv_endpoint is not specified.
master_addr is only used for static rdzv_backend and when rdzv_endpoint is not specified.
master_addr is only used for static rdzv_backend and when rdzv_endpoint is not specified.
master_addr is only used for static rdzv_backend and when rdzv_endpoint is not specified.
usage: train.py [-h] [--model MODEL] [--init_path INIT_PATH]
                [--backbone_path BACKBONE_PATH]
                [--compressor_path COMPRESSOR_PATH]
                [--compressor_name COMPRESSOR_NAME]
                [--discriminator_path DISCRIMINATOR_PATH]
                [--render_path RENDER_PATH]
                [--checkpoint_path CHECKPOINT_PATH]
                [--dataset_paths DATASET_PATHS [DATASET_PATHS ...]]
                [--seed SEED] [--exp_type EXP_TYPE] [--task TASK]
                [--finetune_task FINETUNE_TASK] [--glue_task GLUE_TASK]
                [--stage STAGE] [--optim OPTIM] [--scheduler SCHEDULER]
                [--warm_up_step WARM_UP_STEP] [--batch_size BATCH_SIZE]
                [--sub_size SUB_SIZE] [--eval_batch_size EVAL_BATCH_SIZE]
                [--eval_num_batch EVAL_NUM_BATCH] [--lr LR] [--beta1 BETA1]
                [--beta2 BETA2] [--decay DECAY] [--momentum MOMENTUM]
                [--clip CLIP] [--gan_ratio GAN_RATIO]
                [--gan_ratio_warm_up_steps GAN_RATIO_WARM_UP_STEPS]
                [--mask_ratio MASK_RATIO] [--mask_type MASK_TYPE]
                [--total_steps TOTAL_STEPS] [--max_token MAX_TOKEN]
                [--eval_freq EVAL_FREQ] [--begin_eval BEGIN_EVAL]
                [--save_freq SAVE_FREQ] [--best_save_freq BEST_SAVE_FREQ]
                [--test_gpu_usibility TEST_GPU_USIBILITY] [--dpi DPI]
                [--font_size FONT_SIZE] [--pad_size PAD_SIZE]
                [--pixels_per_patch PIXELS_PER_PATCH] [--patch_len PATCH_LEN]
                [--max_seq_length MAX_SEQ_LENGTH] [--min_len MIN_LEN]
                [--compress_ratio COMPRESS_RATIO] [--font_file FONT_FILE]
                [--num_channel NUM_CHANNEL] [--binary BINARY] [--rgb RGB]
                [--latent_norm LATENT_NORM] [--torch_compile TORCH_COMPILE]
                [--dynamic_shape DYNAMIC_SHAPE]
                [--mix_precision MIX_PRECISION]
                [--half_precision HALF_PRECISION] [--half_coder HALF_CODER]
usage: train.py [-h] [--model MODEL] [--init_path INIT_PATH]
                [--backbone_path BACKBONE_PATH]
                [--compressor_path COMPRESSOR_PATH]
                [--compressor_name COMPRESSOR_NAME]
                [--discriminator_path DISCRIMINATOR_PATH]
                [--render_path RENDER_PATH]
                [--checkpoint_path CHECKPOINT_PATH]
                [--dataset_paths DATASET_PATHS [DATASET_PATHS ...]]
                [--seed SEED] [--exp_type EXP_TYPE] [--task TASK]
                [--finetune_task FINETUNE_TASK] [--glue_task GLUE_TASK]
                [--stage STAGE] [--optim OPTIM] [--scheduler SCHEDULER]
                [--warm_up_step WARM_UP_STEP] [--batch_size BATCH_SIZE]
                [--sub_size SUB_SIZE] [--eval_batch_size EVAL_BATCH_SIZE]
                [--eval_num_batch EVAL_NUM_BATCH] [--lr LR] [--beta1 BETA1]
                [--beta2 BETA2] [--decay DECAY] [--momentum MOMENTUM]
                [--clip CLIP] [--gan_ratio GAN_RATIO]
                [--gradient_checkpointing GRADIENT_CHECKPOINTING]
                [--num_gpu_per_node NUM_GPU_PER_NODE] [--num_node NUM_NODE]
                [--mp_workers MP_WORKERS] [--shard_strategy SHARD_STRATEGY]
                [--offload_to_cpu OFFLOAD_TO_CPU]
                [--backward_prefetch BACKWARD_PREFETCH] [--on_cpu ON_CPU]
                [--current_step CURRENT_STEP]
                [--num_trained_tokens NUM_TRAINED_TOKENS]
                [--shuffle_dataset SHUFFLE_DATASET] [--init INIT]
                [--no_ckpt NO_CKPT] [--no_log NO_LOG]
usage: train.py [-h] [--model MODEL] [--init_path INIT_PATH]
                [--backbone_path BACKBONE_PATH]
                [--compressor_path COMPRESSOR_PATH]
                [--compressor_name COMPRESSOR_NAME]
                [--discriminator_path DISCRIMINATOR_PATH]
                [--render_path RENDER_PATH]
                [--checkpoint_path CHECKPOINT_PATH]
                [--dataset_paths DATASET_PATHS [DATASET_PATHS ...]]
                [--seed SEED] [--exp_type EXP_TYPE] [--task TASK]
                [--finetune_task FINETUNE_TASK] [--glue_task GLUE_TASK]
                [--stage STAGE] [--optim OPTIM] [--scheduler SCHEDULER]
                [--warm_up_step WARM_UP_STEP] [--batch_size BATCH_SIZE]
                [--sub_size SUB_SIZE] [--eval_batch_size EVAL_BATCH_SIZE]
                [--eval_num_batch EVAL_NUM_BATCH] [--lr LR] [--beta1 BETA1]
                [--beta2 BETA2] [--decay DECAY] [--momentum MOMENTUM]
                [--clip CLIP] [--gan_ratio GAN_RATIO]
usage: train.py [-h] [--model MODEL] [--init_path INIT_PATH]
                [--backbone_path BACKBONE_PATH]
                [--compressor_path COMPRESSOR_PATH]
                [--compressor_name COMPRESSOR_NAME]
                [--discriminator_path DISCRIMINATOR_PATH]
                [--render_path RENDER_PATH]
                [--checkpoint_path CHECKPOINT_PATH]
                [--dataset_paths DATASET_PATHS [DATASET_PATHS ...]]
                [--seed SEED] [--exp_type EXP_TYPE] [--task TASK]
                [--finetune_task FINETUNE_TASK] [--glue_task GLUE_TASK]
                [--stage STAGE] [--optim OPTIM] [--scheduler SCHEDULER]
                [--warm_up_step WARM_UP_STEP] [--batch_size BATCH_SIZE]
                [--sub_size SUB_SIZE] [--eval_batch_size EVAL_BATCH_SIZE]
                [--eval_num_batch EVAL_NUM_BATCH] [--lr LR] [--beta1 BETA1]
                [--beta2 BETA2] [--decay DECAY] [--momentum MOMENTUM]
                [--clip CLIP] [--gan_ratio GAN_RATIO]
                [--gan_ratio_warm_up_steps GAN_RATIO_WARM_UP_STEPS]
                [--mask_ratio MASK_RATIO] [--mask_type MASK_TYPE]
                [--total_steps TOTAL_STEPS] [--max_token MAX_TOKEN]
                [--eval_freq EVAL_FREQ] [--begin_eval BEGIN_EVAL]
                [--save_freq SAVE_FREQ] [--best_save_freq BEST_SAVE_FREQ]
                [--test_gpu_usibility TEST_GPU_USIBILITY] [--dpi DPI]
                [--font_size FONT_SIZE] [--pad_size PAD_SIZE]
                [--pixels_per_patch PIXELS_PER_PATCH] [--patch_len PATCH_LEN]
                [--max_seq_length MAX_SEQ_LENGTH] [--min_len MIN_LEN]
                [--compress_ratio COMPRESS_RATIO] [--font_file FONT_FILE]
                [--num_channel NUM_CHANNEL] [--binary BINARY] [--rgb RGB]
                [--latent_norm LATENT_NORM] [--torch_compile TORCH_COMPILE]
                [--dynamic_shape DYNAMIC_SHAPE]
                [--mix_precision MIX_PRECISION]
                [--half_precision HALF_PRECISION] [--half_coder HALF_CODER]
All render process terminated.
train.py: error: unrecognized arguments: --image_size 3 24 12696 --latent_size 3 24 12696
All render process terminated.
                [--gan_ratio_warm_up_steps GAN_RATIO_WARM_UP_STEPS]
                [--mask_ratio MASK_RATIO] [--mask_type MASK_TYPE]
                [--total_steps TOTAL_STEPS] [--max_token MAX_TOKEN]
                [--eval_freq EVAL_FREQ] [--begin_eval BEGIN_EVAL]
                [--save_freq SAVE_FREQ] [--best_save_freq BEST_SAVE_FREQ]
                [--test_gpu_usibility TEST_GPU_USIBILITY] [--dpi DPI]
                [--font_size FONT_SIZE] [--pad_size PAD_SIZE]
                [--pixels_per_patch PIXELS_PER_PATCH] [--patch_len PATCH_LEN]
                [--max_seq_length MAX_SEQ_LENGTH] [--min_len MIN_LEN]
                [--compress_ratio COMPRESS_RATIO] [--font_file FONT_FILE]
                [--num_channel NUM_CHANNEL] [--binary BINARY] [--rgb RGB]
                [--latent_norm LATENT_NORM] [--torch_compile TORCH_COMPILE]
                [--dynamic_shape DYNAMIC_SHAPE]
                [--mix_precision MIX_PRECISION]
                [--half_precision HALF_PRECISION] [--half_coder HALF_CODER]
All render process terminated.
                [--gan_ratio_warm_up_steps GAN_RATIO_WARM_UP_STEPS]
                [--mask_ratio MASK_RATIO] [--mask_type MASK_TYPE]
                [--total_steps TOTAL_STEPS] [--max_token MAX_TOKEN]
                [--eval_freq EVAL_FREQ] [--begin_eval BEGIN_EVAL]
                [--save_freq SAVE_FREQ] [--best_save_freq BEST_SAVE_FREQ]
                [--test_gpu_usibility TEST_GPU_USIBILITY] [--dpi DPI]
                [--font_size FONT_SIZE] [--pad_size PAD_SIZE]
                [--pixels_per_patch PIXELS_PER_PATCH] [--patch_len PATCH_LEN]
                [--max_seq_length MAX_SEQ_LENGTH] [--min_len MIN_LEN]
                [--compress_ratio COMPRESS_RATIO] [--font_file FONT_FILE]
                [--num_channel NUM_CHANNEL] [--binary BINARY] [--rgb RGB]
                [--latent_norm LATENT_NORM] [--torch_compile TORCH_COMPILE]
                [--dynamic_shape DYNAMIC_SHAPE]
                [--mix_precision MIX_PRECISION]
                [--half_precision HALF_PRECISION] [--half_coder HALF_CODER]
                [--gradient_checkpointing GRADIENT_CHECKPOINTING]
                [--num_gpu_per_node NUM_GPU_PER_NODE] [--num_node NUM_NODE]
                [--mp_workers MP_WORKERS] [--shard_strategy SHARD_STRATEGY]
                [--offload_to_cpu OFFLOAD_TO_CPU]
                [--backward_prefetch BACKWARD_PREFETCH] [--on_cpu ON_CPU]
                [--current_step CURRENT_STEP]
                [--num_trained_tokens NUM_TRAINED_TOKENS]
                [--shuffle_dataset SHUFFLE_DATASET] [--init INIT]
                [--no_ckpt NO_CKPT] [--no_log NO_LOG]
usage: train.py [-h] [--model MODEL] [--init_path INIT_PATH]
                [--backbone_path BACKBONE_PATH]
                [--compressor_path COMPRESSOR_PATH]
                [--compressor_name COMPRESSOR_NAME]
                [--discriminator_path DISCRIMINATOR_PATH]
                [--render_path RENDER_PATH]
                [--checkpoint_path CHECKPOINT_PATH]
                [--dataset_paths DATASET_PATHS [DATASET_PATHS ...]]
All render process terminated.All render process terminated.

All render process terminated.
usage: train.py [-h] [--model MODEL] [--init_path INIT_PATH]
                [--backbone_path BACKBONE_PATH]
                [--compressor_path COMPRESSOR_PATH]
                [--compressor_name COMPRESSOR_NAME]
                [--discriminator_path DISCRIMINATOR_PATH]
                [--render_path RENDER_PATH]
                [--checkpoint_path CHECKPOINT_PATH]
                [--dataset_paths DATASET_PATHS [DATASET_PATHS ...]]
                [--seed SEED] [--exp_type EXP_TYPE] [--task TASK]
                [--finetune_task FINETUNE_TASK] [--glue_task GLUE_TASK]
                [--stage STAGE] [--optim OPTIM] [--scheduler SCHEDULER]
                [--warm_up_step WARM_UP_STEP] [--batch_size BATCH_SIZE]
                [--sub_size SUB_SIZE] [--eval_batch_size EVAL_BATCH_SIZE]
                [--eval_num_batch EVAL_NUM_BATCH] [--lr LR] [--beta1 BETA1]
                [--beta2 BETA2] [--decay DECAY] [--momentum MOMENTUM]
                [--clip CLIP] [--gan_ratio GAN_RATIO]
All render process terminated.
All render process terminated.
                [--gradient_checkpointing GRADIENT_CHECKPOINTING]
                [--num_gpu_per_node NUM_GPU_PER_NODE] [--num_node NUM_NODE]
                [--mp_workers MP_WORKERS] [--shard_strategy SHARD_STRATEGY]
                [--offload_to_cpu OFFLOAD_TO_CPU]
                [--backward_prefetch BACKWARD_PREFETCH] [--on_cpu ON_CPU]
                [--current_step CURRENT_STEP]
                [--num_trained_tokens NUM_TRAINED_TOKENS]
                [--shuffle_dataset SHUFFLE_DATASET] [--init INIT]
                [--no_ckpt NO_CKPT] [--no_log NO_LOG]
usage: train.py [-h] [--model MODEL] [--init_path INIT_PATH]
                [--backbone_path BACKBONE_PATH]
                [--compressor_path COMPRESSOR_PATH]
                [--compressor_name COMPRESSOR_NAME]
                [--discriminator_path DISCRIMINATOR_PATH]
                [--render_path RENDER_PATH]
                [--checkpoint_path CHECKPOINT_PATH]
                [--dataset_paths DATASET_PATHS [DATASET_PATHS ...]]
All render process terminated.
All render process terminated.
                [--gradient_checkpointing GRADIENT_CHECKPOINTING]
                [--num_gpu_per_node NUM_GPU_PER_NODE] [--num_node NUM_NODE]
                [--mp_workers MP_WORKERS] [--shard_strategy SHARD_STRATEGY]
                [--offload_to_cpu OFFLOAD_TO_CPU]
                [--backward_prefetch BACKWARD_PREFETCH] [--on_cpu ON_CPU]
                [--current_step CURRENT_STEP]
                [--num_trained_tokens NUM_TRAINED_TOKENS]
                [--shuffle_dataset SHUFFLE_DATASET] [--init INIT]
                [--no_ckpt NO_CKPT] [--no_log NO_LOG]
usage: train.py [-h] [--model MODEL] [--init_path INIT_PATH]
                [--backbone_path BACKBONE_PATH]
                [--compressor_path COMPRESSOR_PATH]
                [--compressor_name COMPRESSOR_NAME]
                [--discriminator_path DISCRIMINATOR_PATH]
                [--render_path RENDER_PATH]
                [--checkpoint_path CHECKPOINT_PATH]
                [--dataset_paths DATASET_PATHS [DATASET_PATHS ...]]
                [--seed SEED] [--exp_type EXP_TYPE] [--task TASK]
                [--finetune_task FINETUNE_TASK] [--glue_task GLUE_TASK]
                [--stage STAGE] [--optim OPTIM] [--scheduler SCHEDULER]
                [--warm_up_step WARM_UP_STEP] [--batch_size BATCH_SIZE]
                [--sub_size SUB_SIZE] [--eval_batch_size EVAL_BATCH_SIZE]
                [--eval_num_batch EVAL_NUM_BATCH] [--lr LR] [--beta1 BETA1]
                [--beta2 BETA2] [--decay DECAY] [--momentum MOMENTUM]
                [--clip CLIP] [--gan_ratio GAN_RATIO]
                [--gan_ratio_warm_up_steps GAN_RATIO_WARM_UP_STEPS]
                [--mask_ratio MASK_RATIO] [--mask_type MASK_TYPE]
                [--total_steps TOTAL_STEPS] [--max_token MAX_TOKEN]
                [--eval_freq EVAL_FREQ] [--begin_eval BEGIN_EVAL]
                [--save_freq SAVE_FREQ] [--best_save_freq BEST_SAVE_FREQ]
                [--test_gpu_usibility TEST_GPU_USIBILITY] [--dpi DPI]
All render process terminated.
                [--gan_ratio_warm_up_steps GAN_RATIO_WARM_UP_STEPS]
                [--mask_ratio MASK_RATIO] [--mask_type MASK_TYPE]
                [--total_steps TOTAL_STEPS] [--max_token MAX_TOKEN]
                [--eval_freq EVAL_FREQ] [--begin_eval BEGIN_EVAL]
                [--save_freq SAVE_FREQ] [--best_save_freq BEST_SAVE_FREQ]
                [--test_gpu_usibility TEST_GPU_USIBILITY] [--dpi DPI]
                [--font_size FONT_SIZE] [--pad_size PAD_SIZE]
                [--pixels_per_patch PIXELS_PER_PATCH] [--patch_len PATCH_LEN]
                [--max_seq_length MAX_SEQ_LENGTH] [--min_len MIN_LEN]
                [--compress_ratio COMPRESS_RATIO] [--font_file FONT_FILE]
                [--num_channel NUM_CHANNEL] [--binary BINARY] [--rgb RGB]
                [--latent_norm LATENT_NORM] [--torch_compile TORCH_COMPILE]
                [--dynamic_shape DYNAMIC_SHAPE]
                [--mix_precision MIX_PRECISION]
                [--half_precision HALF_PRECISION] [--half_coder HALF_CODER]
All render process terminated.
                [--seed SEED] [--exp_type EXP_TYPE] [--task TASK]
                [--finetune_task FINETUNE_TASK] [--glue_task GLUE_TASK]
                [--stage STAGE] [--optim OPTIM] [--scheduler SCHEDULER]
                [--warm_up_step WARM_UP_STEP] [--batch_size BATCH_SIZE]
                [--sub_size SUB_SIZE] [--eval_batch_size EVAL_BATCH_SIZE]
                [--eval_num_batch EVAL_NUM_BATCH] [--lr LR] [--beta1 BETA1]
                [--beta2 BETA2] [--decay DECAY] [--momentum MOMENTUM]
                [--clip CLIP] [--gan_ratio GAN_RATIO]
                [--gan_ratio_warm_up_steps GAN_RATIO_WARM_UP_STEPS]
                [--mask_ratio MASK_RATIO] [--mask_type MASK_TYPE]
                [--total_steps TOTAL_STEPS] [--max_token MAX_TOKEN]
                [--eval_freq EVAL_FREQ] [--begin_eval BEGIN_EVAL]
                [--save_freq SAVE_FREQ] [--best_save_freq BEST_SAVE_FREQ]
                [--test_gpu_usibility TEST_GPU_USIBILITY] [--dpi DPI]
All render process terminated.
                [--seed SEED] [--exp_type EXP_TYPE] [--task TASK]
                [--finetune_task FINETUNE_TASK] [--glue_task GLUE_TASK]
                [--stage STAGE] [--optim OPTIM] [--scheduler SCHEDULER]
                [--warm_up_step WARM_UP_STEP] [--batch_size BATCH_SIZE]
                [--sub_size SUB_SIZE] [--eval_batch_size EVAL_BATCH_SIZE]
                [--eval_num_batch EVAL_NUM_BATCH] [--lr LR] [--beta1 BETA1]
                [--beta2 BETA2] [--decay DECAY] [--momentum MOMENTUM]
                [--clip CLIP] [--gan_ratio GAN_RATIO]
                [--gan_ratio_warm_up_steps GAN_RATIO_WARM_UP_STEPS]
                [--mask_ratio MASK_RATIO] [--mask_type MASK_TYPE]
                [--total_steps TOTAL_STEPS] [--max_token MAX_TOKEN]
                [--eval_freq EVAL_FREQ] [--begin_eval BEGIN_EVAL]
                [--save_freq SAVE_FREQ] [--best_save_freq BEST_SAVE_FREQ]
                [--test_gpu_usibility TEST_GPU_USIBILITY] [--dpi DPI]
All render process terminated.
                [--font_size FONT_SIZE] [--pad_size PAD_SIZE]
All render process terminated.
                [--gradient_checkpointing GRADIENT_CHECKPOINTING]
                [--num_gpu_per_node NUM_GPU_PER_NODE] [--num_node NUM_NODE]
                [--mp_workers MP_WORKERS] [--shard_strategy SHARD_STRATEGY]
                [--offload_to_cpu OFFLOAD_TO_CPU]
                [--backward_prefetch BACKWARD_PREFETCH] [--on_cpu ON_CPU]
                [--current_step CURRENT_STEP]
                [--num_trained_tokens NUM_TRAINED_TOKENS]
                [--shuffle_dataset SHUFFLE_DATASET] [--init INIT]
                [--no_ckpt NO_CKPT] [--no_log NO_LOG]
All render process terminated.
                [--font_size FONT_SIZE] [--pad_size PAD_SIZE]
                [--font_size FONT_SIZE] [--pad_size PAD_SIZE]
                [--pixels_per_patch PIXELS_PER_PATCH] [--patch_len PATCH_LEN]
                [--max_seq_length MAX_SEQ_LENGTH] [--min_len MIN_LEN]
                [--compress_ratio COMPRESS_RATIO] [--font_file FONT_FILE]
                [--num_channel NUM_CHANNEL] [--binary BINARY] [--rgb RGB]
                [--latent_norm LATENT_NORM] [--torch_compile TORCH_COMPILE]
                [--dynamic_shape DYNAMIC_SHAPE]
                [--mix_precision MIX_PRECISION]
                [--half_precision HALF_PRECISION] [--half_coder HALF_CODER]
                [--gradient_checkpointing GRADIENT_CHECKPOINTING]
                [--num_gpu_per_node NUM_GPU_PER_NODE] [--num_node NUM_NODE]
                [--mp_workers MP_WORKERS] [--shard_strategy SHARD_STRATEGY]
                [--offload_to_cpu OFFLOAD_TO_CPU]
                [--backward_prefetch BACKWARD_PREFETCH] [--on_cpu ON_CPU]
                [--current_step CURRENT_STEP]
                [--num_trained_tokens NUM_TRAINED_TOKENS]
                [--shuffle_dataset SHUFFLE_DATASET] [--init INIT]
                [--no_ckpt NO_CKPT] [--no_log NO_LOG]
usage: train.py [-h] [--model MODEL] [--init_path INIT_PATH]
                [--backbone_path BACKBONE_PATH]
                [--compressor_path COMPRESSOR_PATH]
                [--compressor_name COMPRESSOR_NAME]
                [--discriminator_path DISCRIMINATOR_PATH]
                [--render_path RENDER_PATH]
                [--checkpoint_path CHECKPOINT_PATH]
                [--dataset_paths DATASET_PATHS [DATASET_PATHS ...]]
                [--seed SEED] [--exp_type EXP_TYPE] [--task TASK]
                [--finetune_task FINETUNE_TASK] [--glue_task GLUE_TASK]
                [--stage STAGE] [--optim OPTIM] [--scheduler SCHEDULER]
                [--warm_up_step WARM_UP_STEP] [--batch_size BATCH_SIZE]
                [--sub_size SUB_SIZE] [--eval_batch_size EVAL_BATCH_SIZE]
                [--eval_num_batch EVAL_NUM_BATCH] [--lr LR] [--beta1 BETA1]
usage: train.py [-h] [--model MODEL] [--init_path INIT_PATH]
                [--backbone_path BACKBONE_PATH]
                [--compressor_path COMPRESSOR_PATH]
                [--compressor_name COMPRESSOR_NAME]
                [--discriminator_path DISCRIMINATOR_PATH]
                [--render_path RENDER_PATH]
                [--checkpoint_path CHECKPOINT_PATH]
                [--dataset_paths DATASET_PATHS [DATASET_PATHS ...]]
                [--seed SEED] [--exp_type EXP_TYPE] [--task TASK]
                [--finetune_task FINETUNE_TASK] [--glue_task GLUE_TASK]
                [--stage STAGE] [--optim OPTIM] [--scheduler SCHEDULER]
                [--warm_up_step WARM_UP_STEP] [--batch_size BATCH_SIZE]
                [--sub_size SUB_SIZE] [--eval_batch_size EVAL_BATCH_SIZE]
                [--eval_num_batch EVAL_NUM_BATCH] [--lr LR] [--beta1 BETA1]
                [--beta2 BETA2] [--decay DECAY] [--momentum MOMENTUM]
                [--clip CLIP] [--gan_ratio GAN_RATIO]
                [--pixels_per_patch PIXELS_PER_PATCH] [--patch_len PATCH_LEN]
                [--max_seq_length MAX_SEQ_LENGTH] [--min_len MIN_LEN]
                [--compress_ratio COMPRESS_RATIO] [--font_file FONT_FILE]
                [--num_channel NUM_CHANNEL] [--binary BINARY] [--rgb RGB]
                [--latent_norm LATENT_NORM] [--torch_compile TORCH_COMPILE]
                [--dynamic_shape DYNAMIC_SHAPE]
                [--mix_precision MIX_PRECISION]
                [--half_precision HALF_PRECISION] [--half_coder HALF_CODER]
                [--gradient_checkpointing GRADIENT_CHECKPOINTING]
                [--num_gpu_per_node NUM_GPU_PER_NODE] [--num_node NUM_NODE]
                [--mp_workers MP_WORKERS] [--shard_strategy SHARD_STRATEGY]
                [--offload_to_cpu OFFLOAD_TO_CPU]
                [--backward_prefetch BACKWARD_PREFETCH] [--on_cpu ON_CPU]
                [--current_step CURRENT_STEP]
                [--num_trained_tokens NUM_TRAINED_TOKENS]
                [--pixels_per_patch PIXELS_PER_PATCH] [--patch_len PATCH_LEN]
                [--max_seq_length MAX_SEQ_LENGTH] [--min_len MIN_LEN]
                [--compress_ratio COMPRESS_RATIO] [--font_file FONT_FILE]
                [--num_channel NUM_CHANNEL] [--binary BINARY] [--rgb RGB]
                [--latent_norm LATENT_NORM] [--torch_compile TORCH_COMPILE]
                [--dynamic_shape DYNAMIC_SHAPE]
                [--mix_precision MIX_PRECISION]
                [--half_precision HALF_PRECISION] [--half_coder HALF_CODER]
                [--gradient_checkpointing GRADIENT_CHECKPOINTING]
                [--num_gpu_per_node NUM_GPU_PER_NODE] [--num_node NUM_NODE]
                [--mp_workers MP_WORKERS] [--shard_strategy SHARD_STRATEGY]
                [--offload_to_cpu OFFLOAD_TO_CPU]
                [--backward_prefetch BACKWARD_PREFETCH] [--on_cpu ON_CPU]
                [--current_step CURRENT_STEP]
                [--num_trained_tokens NUM_TRAINED_TOKENS]
                [--beta2 BETA2] [--decay DECAY] [--momentum MOMENTUM]
                [--clip CLIP] [--gan_ratio GAN_RATIO]
                [--gan_ratio_warm_up_steps GAN_RATIO_WARM_UP_STEPS]
                [--mask_ratio MASK_RATIO] [--mask_type MASK_TYPE]
                [--total_steps TOTAL_STEPS] [--max_token MAX_TOKEN]
                [--eval_freq EVAL_FREQ] [--begin_eval BEGIN_EVAL]
                [--save_freq SAVE_FREQ] [--best_save_freq BEST_SAVE_FREQ]
                [--test_gpu_usibility TEST_GPU_USIBILITY] [--dpi DPI]
                [--font_size FONT_SIZE] [--pad_size PAD_SIZE]
                [--pixels_per_patch PIXELS_PER_PATCH] [--patch_len PATCH_LEN]
                [--max_seq_length MAX_SEQ_LENGTH] [--min_len MIN_LEN]
                [--compress_ratio COMPRESS_RATIO] [--font_file FONT_FILE]
                [--num_channel NUM_CHANNEL] [--binary BINARY] [--rgb RGB]
                [--latent_norm LATENT_NORM] [--torch_compile TORCH_COMPILE]
                [--dynamic_shape DYNAMIC_SHAPE]
                [--gan_ratio_warm_up_steps GAN_RATIO_WARM_UP_STEPS]
                [--mask_ratio MASK_RATIO] [--mask_type MASK_TYPE]
                [--total_steps TOTAL_STEPS] [--max_token MAX_TOKEN]
                [--eval_freq EVAL_FREQ] [--begin_eval BEGIN_EVAL]
                [--save_freq SAVE_FREQ] [--best_save_freq BEST_SAVE_FREQ]
                [--test_gpu_usibility TEST_GPU_USIBILITY] [--dpi DPI]
                [--font_size FONT_SIZE] [--pad_size PAD_SIZE]
                [--pixels_per_patch PIXELS_PER_PATCH] [--patch_len PATCH_LEN]
                [--max_seq_length MAX_SEQ_LENGTH] [--min_len MIN_LEN]
                [--compress_ratio COMPRESS_RATIO] [--font_file FONT_FILE]
                [--num_channel NUM_CHANNEL] [--binary BINARY] [--rgb RGB]
                [--latent_norm LATENT_NORM] [--torch_compile TORCH_COMPILE]
                [--dynamic_shape DYNAMIC_SHAPE]
                [--mix_precision MIX_PRECISION]
                [--half_precision HALF_PRECISION] [--half_coder HALF_CODER]
                [--shuffle_dataset SHUFFLE_DATASET] [--init INIT]
                [--no_ckpt NO_CKPT] [--no_log NO_LOG]
usage: train.py [-h] [--model MODEL] [--init_path INIT_PATH]
                [--backbone_path BACKBONE_PATH]
                [--compressor_path COMPRESSOR_PATH]
                [--compressor_name COMPRESSOR_NAME]
                [--discriminator_path DISCRIMINATOR_PATH]
                [--render_path RENDER_PATH]
                [--checkpoint_path CHECKPOINT_PATH]
                [--dataset_paths DATASET_PATHS [DATASET_PATHS ...]]
                [--seed SEED] [--exp_type EXP_TYPE] [--task TASK]
                [--finetune_task FINETUNE_TASK] [--glue_task GLUE_TASK]
                [--stage STAGE] [--optim OPTIM] [--scheduler SCHEDULER]
                [--warm_up_step WARM_UP_STEP] [--batch_size BATCH_SIZE]
                [--sub_size SUB_SIZE] [--eval_batch_size EVAL_BATCH_SIZE]
                [--eval_num_batch EVAL_NUM_BATCH] [--lr LR] [--beta1 BETA1]
                [--shuffle_dataset SHUFFLE_DATASET] [--init INIT]
                [--no_ckpt NO_CKPT] [--no_log NO_LOG]
train.py: error: unrecognized arguments: --image_size 3 24 12696 --latent_size 3 24 12696
usage: train.py [-h] [--model MODEL] [--init_path INIT_PATH]
                [--backbone_path BACKBONE_PATH]
                [--compressor_path COMPRESSOR_PATH]
                [--compressor_name COMPRESSOR_NAME]
                [--discriminator_path DISCRIMINATOR_PATH]
                [--render_path RENDER_PATH]
                [--checkpoint_path CHECKPOINT_PATH]
                [--dataset_paths DATASET_PATHS [DATASET_PATHS ...]]
                [--seed SEED] [--exp_type EXP_TYPE] [--task TASK]
                [--finetune_task FINETUNE_TASK] [--glue_task GLUE_TASK]
                [--stage STAGE] [--optim OPTIM] [--scheduler SCHEDULER]
                [--warm_up_step WARM_UP_STEP] [--batch_size BATCH_SIZE]
                [--sub_size SUB_SIZE] [--eval_batch_size EVAL_BATCH_SIZE]
                [--mix_precision MIX_PRECISION]
                [--half_precision HALF_PRECISION] [--half_coder HALF_CODER]
                [--gradient_checkpointing GRADIENT_CHECKPOINTING]
                [--num_gpu_per_node NUM_GPU_PER_NODE] [--num_node NUM_NODE]
                [--mp_workers MP_WORKERS] [--shard_strategy SHARD_STRATEGY]
                [--offload_to_cpu OFFLOAD_TO_CPU]
                [--backward_prefetch BACKWARD_PREFETCH] [--on_cpu ON_CPU]
                [--current_step CURRENT_STEP]
                [--num_trained_tokens NUM_TRAINED_TOKENS]
                [--shuffle_dataset SHUFFLE_DATASET] [--init INIT]
                [--no_ckpt NO_CKPT] [--no_log NO_LOG]
train.py: error: unrecognized arguments: --image_size 3 24 12696 --latent_size 3 24 12696
train.py: error: unrecognized arguments: --image_size 3 24 12696 --latent_size 3 24 12696
train.py: error: unrecognized arguments: --image_size 3 24 12696 --latent_size 3 24 12696
                [--gradient_checkpointing GRADIENT_CHECKPOINTING]
                [--num_gpu_per_node NUM_GPU_PER_NODE] [--num_node NUM_NODE]
                [--mp_workers MP_WORKERS] [--shard_strategy SHARD_STRATEGY]
                [--offload_to_cpu OFFLOAD_TO_CPU]
                [--backward_prefetch BACKWARD_PREFETCH] [--on_cpu ON_CPU]
                [--current_step CURRENT_STEP]
                [--num_trained_tokens NUM_TRAINED_TOKENS]
                [--shuffle_dataset SHUFFLE_DATASET] [--init INIT]
                [--no_ckpt NO_CKPT] [--no_log NO_LOG]
usage: train.py [-h] [--model MODEL] [--init_path INIT_PATH]
                [--backbone_path BACKBONE_PATH]
                [--compressor_path COMPRESSOR_PATH]
                [--compressor_name COMPRESSOR_NAME]
                [--discriminator_path DISCRIMINATOR_PATH]
                [--render_path RENDER_PATH]
                [--checkpoint_path CHECKPOINT_PATH]
                [--dataset_paths DATASET_PATHS [DATASET_PATHS ...]]
                [--beta2 BETA2] [--decay DECAY] [--momentum MOMENTUM]
                [--clip CLIP] [--gan_ratio GAN_RATIO]
                [--gan_ratio_warm_up_steps GAN_RATIO_WARM_UP_STEPS]
                [--mask_ratio MASK_RATIO] [--mask_type MASK_TYPE]
                [--total_steps TOTAL_STEPS] [--max_token MAX_TOKEN]
                [--eval_freq EVAL_FREQ] [--begin_eval BEGIN_EVAL]
                [--save_freq SAVE_FREQ] [--best_save_freq BEST_SAVE_FREQ]
                [--test_gpu_usibility TEST_GPU_USIBILITY] [--dpi DPI]
                [--font_size FONT_SIZE] [--pad_size PAD_SIZE]
                [--pixels_per_patch PIXELS_PER_PATCH] [--patch_len PATCH_LEN]
                [--max_seq_length MAX_SEQ_LENGTH] [--min_len MIN_LEN]
                [--compress_ratio COMPRESS_RATIO] [--font_file FONT_FILE]
                [--num_channel NUM_CHANNEL] [--binary BINARY] [--rgb RGB]
                [--latent_norm LATENT_NORM] [--torch_compile TORCH_COMPILE]
                [--dynamic_shape DYNAMIC_SHAPE]
                [--eval_num_batch EVAL_NUM_BATCH] [--lr LR] [--beta1 BETA1]
                [--beta2 BETA2] [--decay DECAY] [--momentum MOMENTUM]
                [--clip CLIP] [--gan_ratio GAN_RATIO]
                [--gan_ratio_warm_up_steps GAN_RATIO_WARM_UP_STEPS]
                [--mask_ratio MASK_RATIO] [--mask_type MASK_TYPE]
                [--total_steps TOTAL_STEPS] [--max_token MAX_TOKEN]
                [--eval_freq EVAL_FREQ] [--begin_eval BEGIN_EVAL]
                [--save_freq SAVE_FREQ] [--best_save_freq BEST_SAVE_FREQ]
                [--test_gpu_usibility TEST_GPU_USIBILITY] [--dpi DPI]
                [--font_size FONT_SIZE] [--pad_size PAD_SIZE]
                [--pixels_per_patch PIXELS_PER_PATCH] [--patch_len PATCH_LEN]
                [--max_seq_length MAX_SEQ_LENGTH] [--min_len MIN_LEN]
                [--compress_ratio COMPRESS_RATIO] [--font_file FONT_FILE]
                [--num_channel NUM_CHANNEL] [--binary BINARY] [--rgb RGB]
                [--seed SEED] [--exp_type EXP_TYPE] [--task TASK]
                [--finetune_task FINETUNE_TASK] [--glue_task GLUE_TASK]
                [--stage STAGE] [--optim OPTIM] [--scheduler SCHEDULER]
                [--warm_up_step WARM_UP_STEP] [--batch_size BATCH_SIZE]
                [--sub_size SUB_SIZE] [--eval_batch_size EVAL_BATCH_SIZE]
                [--eval_num_batch EVAL_NUM_BATCH] [--lr LR] [--beta1 BETA1]
                [--beta2 BETA2] [--decay DECAY] [--momentum MOMENTUM]
                [--clip CLIP] [--gan_ratio GAN_RATIO]
                [--gan_ratio_warm_up_steps GAN_RATIO_WARM_UP_STEPS]
                [--mask_ratio MASK_RATIO] [--mask_type MASK_TYPE]
                [--total_steps TOTAL_STEPS] [--max_token MAX_TOKEN]
                [--eval_freq EVAL_FREQ] [--begin_eval BEGIN_EVAL]
                [--save_freq SAVE_FREQ] [--best_save_freq BEST_SAVE_FREQ]
                [--test_gpu_usibility TEST_GPU_USIBILITY] [--dpi DPI]
                [--mix_precision MIX_PRECISION]
                [--half_precision HALF_PRECISION] [--half_coder HALF_CODER]
                [--gradient_checkpointing GRADIENT_CHECKPOINTING]
                [--num_gpu_per_node NUM_GPU_PER_NODE] [--num_node NUM_NODE]
                [--mp_workers MP_WORKERS] [--shard_strategy SHARD_STRATEGY]
                [--offload_to_cpu OFFLOAD_TO_CPU]
                [--backward_prefetch BACKWARD_PREFETCH] [--on_cpu ON_CPU]
                [--current_step CURRENT_STEP]
                [--num_trained_tokens NUM_TRAINED_TOKENS]
                [--shuffle_dataset SHUFFLE_DATASET] [--init INIT]
                [--no_ckpt NO_CKPT] [--no_log NO_LOG]
train.py: error: unrecognized arguments: --image_size 3 24 12696 --latent_size 3 24 12696
train.py: error: unrecognized arguments: --image_size 3 24 12696 --latent_size 3 24 12696
usage: train.py [-h] [--model MODEL] [--init_path INIT_PATH]
                [--backbone_path BACKBONE_PATH]
                [--latent_norm LATENT_NORM] [--torch_compile TORCH_COMPILE]
                [--dynamic_shape DYNAMIC_SHAPE]
                [--mix_precision MIX_PRECISION]
                [--half_precision HALF_PRECISION] [--half_coder HALF_CODER]
                [--gradient_checkpointing GRADIENT_CHECKPOINTING]
                [--num_gpu_per_node NUM_GPU_PER_NODE] [--num_node NUM_NODE]
                [--mp_workers MP_WORKERS] [--shard_strategy SHARD_STRATEGY]
                [--offload_to_cpu OFFLOAD_TO_CPU]
                [--backward_prefetch BACKWARD_PREFETCH] [--on_cpu ON_CPU]
                [--current_step CURRENT_STEP]
                [--num_trained_tokens NUM_TRAINED_TOKENS]
                [--shuffle_dataset SHUFFLE_DATASET] [--init INIT]
                [--no_ckpt NO_CKPT] [--no_log NO_LOG]
train.py: error: unrecognized arguments: --image_size 3 24 12696 --latent_size 3 24 12696
train.py: error: unrecognized arguments: --image_size 3 24 12696 --latent_size 3 24 12696
usage: train.py [-h] [--model MODEL] [--init_path INIT_PATH]
                [--backbone_path BACKBONE_PATH]
                [--compressor_path COMPRESSOR_PATH]
                [--compressor_name COMPRESSOR_NAME]
                [--discriminator_path DISCRIMINATOR_PATH]
                [--render_path RENDER_PATH]
                [--checkpoint_path CHECKPOINT_PATH]
                [--dataset_paths DATASET_PATHS [DATASET_PATHS ...]]
                [--seed SEED] [--exp_type EXP_TYPE] [--task TASK]
                [--finetune_task FINETUNE_TASK] [--glue_task GLUE_TASK]
                [--stage STAGE] [--optim OPTIM] [--scheduler SCHEDULER]
                [--warm_up_step WARM_UP_STEP] [--batch_size BATCH_SIZE]
                [--sub_size SUB_SIZE] [--eval_batch_size EVAL_BATCH_SIZE]
                [--eval_num_batch EVAL_NUM_BATCH] [--lr LR] [--beta1 BETA1]
                [--beta2 BETA2] [--decay DECAY] [--momentum MOMENTUM]
                [--clip CLIP] [--gan_ratio GAN_RATIO]
                [--font_size FONT_SIZE] [--pad_size PAD_SIZE]
                [--compressor_path COMPRESSOR_PATH]
                [--compressor_name COMPRESSOR_NAME]
                [--gan_ratio_warm_up_steps GAN_RATIO_WARM_UP_STEPS]
                [--mask_ratio MASK_RATIO] [--mask_type MASK_TYPE]
                [--total_steps TOTAL_STEPS] [--max_token MAX_TOKEN]
                [--eval_freq EVAL_FREQ] [--begin_eval BEGIN_EVAL]
                [--save_freq SAVE_FREQ] [--best_save_freq BEST_SAVE_FREQ]
                [--test_gpu_usibility TEST_GPU_USIBILITY] [--dpi DPI]
                [--font_size FONT_SIZE] [--pad_size PAD_SIZE]
                [--pixels_per_patch PIXELS_PER_PATCH] [--patch_len PATCH_LEN]
                [--max_seq_length MAX_SEQ_LENGTH] [--min_len MIN_LEN]
                [--compress_ratio COMPRESS_RATIO] [--font_file FONT_FILE]
                [--num_channel NUM_CHANNEL] [--binary BINARY] [--rgb RGB]
                [--latent_norm LATENT_NORM] [--torch_compile TORCH_COMPILE]
                [--dynamic_shape DYNAMIC_SHAPE]
                [--mix_precision MIX_PRECISION]
                [--half_precision HALF_PRECISION] [--half_coder HALF_CODER]
                [--pixels_per_patch PIXELS_PER_PATCH] [--patch_len PATCH_LEN]
                [--max_seq_length MAX_SEQ_LENGTH] [--min_len MIN_LEN]
                [--compress_ratio COMPRESS_RATIO] [--font_file FONT_FILE]
                [--num_channel NUM_CHANNEL] [--binary BINARY] [--rgb RGB]
                [--latent_norm LATENT_NORM] [--torch_compile TORCH_COMPILE]
                [--dynamic_shape DYNAMIC_SHAPE]
                [--mix_precision MIX_PRECISION]
                [--half_precision HALF_PRECISION] [--half_coder HALF_CODER]
                [--gradient_checkpointing GRADIENT_CHECKPOINTING]
                [--num_gpu_per_node NUM_GPU_PER_NODE] [--num_node NUM_NODE]
                [--mp_workers MP_WORKERS] [--shard_strategy SHARD_STRATEGY]
                [--offload_to_cpu OFFLOAD_TO_CPU]
                [--backward_prefetch BACKWARD_PREFETCH] [--on_cpu ON_CPU]
                [--current_step CURRENT_STEP]
                [--num_trained_tokens NUM_TRAINED_TOKENS]
usage: train.py [-h] [--model MODEL] [--init_path INIT_PATH]
                [--backbone_path BACKBONE_PATH]
                [--compressor_path COMPRESSOR_PATH]
                [--compressor_name COMPRESSOR_NAME]
                [--discriminator_path DISCRIMINATOR_PATH]
                [--render_path RENDER_PATH]
                [--checkpoint_path CHECKPOINT_PATH]
                [--dataset_paths DATASET_PATHS [DATASET_PATHS ...]]
                [--seed SEED] [--exp_type EXP_TYPE] [--task TASK]
                [--finetune_task FINETUNE_TASK] [--glue_task GLUE_TASK]
                [--stage STAGE] [--optim OPTIM] [--scheduler SCHEDULER]
                [--warm_up_step WARM_UP_STEP] [--batch_size BATCH_SIZE]
                [--sub_size SUB_SIZE] [--eval_batch_size EVAL_BATCH_SIZE]
                [--eval_num_batch EVAL_NUM_BATCH] [--lr LR] [--beta1 BETA1]
                [--beta2 BETA2] [--decay DECAY] [--momentum MOMENTUM]
                [--clip CLIP] [--gan_ratio GAN_RATIO]
                [--gradient_checkpointing GRADIENT_CHECKPOINTING]
                [--num_gpu_per_node NUM_GPU_PER_NODE] [--num_node NUM_NODE]
                [--mp_workers MP_WORKERS] [--shard_strategy SHARD_STRATEGY]
                [--offload_to_cpu OFFLOAD_TO_CPU]
                [--backward_prefetch BACKWARD_PREFETCH] [--on_cpu ON_CPU]
                [--current_step CURRENT_STEP]
                [--num_trained_tokens NUM_TRAINED_TOKENS]
                [--shuffle_dataset SHUFFLE_DATASET] [--init INIT]
                [--no_ckpt NO_CKPT] [--no_log NO_LOG]
                [--shuffle_dataset SHUFFLE_DATASET] [--init INIT]
                [--no_ckpt NO_CKPT] [--no_log NO_LOG]
train.py: error: unrecognized arguments: --image_size 3 24 12696 --latent_size 3 24 12696
train.py: error: unrecognized arguments: --image_size 3 24 12696 --latent_size 3 24 12696
train.py: error: unrecognized arguments: --image_size 3 24 12696 --latent_size 3 24 12696
                [--discriminator_path DISCRIMINATOR_PATH]
                [--render_path RENDER_PATH]
                [--checkpoint_path CHECKPOINT_PATH]
                [--dataset_paths DATASET_PATHS [DATASET_PATHS ...]]
                [--seed SEED] [--exp_type EXP_TYPE] [--task TASK]
                [--finetune_task FINETUNE_TASK] [--glue_task GLUE_TASK]
                [--stage STAGE] [--optim OPTIM] [--scheduler SCHEDULER]
                [--warm_up_step WARM_UP_STEP] [--batch_size BATCH_SIZE]
                [--sub_size SUB_SIZE] [--eval_batch_size EVAL_BATCH_SIZE]
                [--eval_num_batch EVAL_NUM_BATCH] [--lr LR] [--beta1 BETA1]
                [--beta2 BETA2] [--decay DECAY] [--momentum MOMENTUM]
                [--clip CLIP] [--gan_ratio GAN_RATIO]
                [--gan_ratio_warm_up_steps GAN_RATIO_WARM_UP_STEPS]
                [--mask_ratio MASK_RATIO] [--mask_type MASK_TYPE]
                [--total_steps TOTAL_STEPS] [--max_token MAX_TOKEN]
                [--gan_ratio_warm_up_steps GAN_RATIO_WARM_UP_STEPS]
                [--mask_ratio MASK_RATIO] [--mask_type MASK_TYPE]
                [--total_steps TOTAL_STEPS] [--max_token MAX_TOKEN]
                [--eval_freq EVAL_FREQ] [--begin_eval BEGIN_EVAL]
                [--save_freq SAVE_FREQ] [--best_save_freq BEST_SAVE_FREQ]
                [--test_gpu_usibility TEST_GPU_USIBILITY] [--dpi DPI]
                [--font_size FONT_SIZE] [--pad_size PAD_SIZE]
                [--pixels_per_patch PIXELS_PER_PATCH] [--patch_len PATCH_LEN]
                [--max_seq_length MAX_SEQ_LENGTH] [--min_len MIN_LEN]
                [--compress_ratio COMPRESS_RATIO] [--font_file FONT_FILE]
                [--num_channel NUM_CHANNEL] [--binary BINARY] [--rgb RGB]
                [--latent_norm LATENT_NORM] [--torch_compile TORCH_COMPILE]
                [--dynamic_shape DYNAMIC_SHAPE]
                [--mix_precision MIX_PRECISION]
                [--half_precision HALF_PRECISION] [--half_coder HALF_CODER]
train.py: error: unrecognized arguments: --image_size 3 24 12696 --latent_size 3 24 12696
                [--eval_freq EVAL_FREQ] [--begin_eval BEGIN_EVAL]
                [--save_freq SAVE_FREQ] [--best_save_freq BEST_SAVE_FREQ]
                [--test_gpu_usibility TEST_GPU_USIBILITY] [--dpi DPI]
                [--font_size FONT_SIZE] [--pad_size PAD_SIZE]
                [--pixels_per_patch PIXELS_PER_PATCH] [--patch_len PATCH_LEN]
                [--max_seq_length MAX_SEQ_LENGTH] [--min_len MIN_LEN]
                [--compress_ratio COMPRESS_RATIO] [--font_file FONT_FILE]
                [--num_channel NUM_CHANNEL] [--binary BINARY] [--rgb RGB]
                [--latent_norm LATENT_NORM] [--torch_compile TORCH_COMPILE]
                [--dynamic_shape DYNAMIC_SHAPE]
                [--mix_precision MIX_PRECISION]
                [--half_precision HALF_PRECISION] [--half_coder HALF_CODER]
                [--gradient_checkpointing GRADIENT_CHECKPOINTING]
                [--num_gpu_per_node NUM_GPU_PER_NODE] [--num_node NUM_NODE]
                [--gradient_checkpointing GRADIENT_CHECKPOINTING]
                [--num_gpu_per_node NUM_GPU_PER_NODE] [--num_node NUM_NODE]
                [--mp_workers MP_WORKERS] [--shard_strategy SHARD_STRATEGY]
                [--offload_to_cpu OFFLOAD_TO_CPU]
                [--backward_prefetch BACKWARD_PREFETCH] [--on_cpu ON_CPU]
                [--current_step CURRENT_STEP]
                [--num_trained_tokens NUM_TRAINED_TOKENS]
                [--shuffle_dataset SHUFFLE_DATASET] [--init INIT]
                [--no_ckpt NO_CKPT] [--no_log NO_LOG]
                [--mp_workers MP_WORKERS] [--shard_strategy SHARD_STRATEGY]
                [--offload_to_cpu OFFLOAD_TO_CPU]
                [--backward_prefetch BACKWARD_PREFETCH] [--on_cpu ON_CPU]
                [--current_step CURRENT_STEP]
                [--num_trained_tokens NUM_TRAINED_TOKENS]
                [--shuffle_dataset SHUFFLE_DATASET] [--init INIT]
                [--no_ckpt NO_CKPT] [--no_log NO_LOG]
train.py: error: unrecognized arguments: --image_size 3 24 12696 --latent_size 3 24 12696
train.py: error: unrecognized arguments: --image_size 3 24 12696 --latent_size 3 24 12696
train.py: error: unrecognized arguments: --image_size 3 24 12696 --latent_size 3 24 12696
ERROR:torch.distributed.elastic.multiprocessing.api:failed (exitcode: 2) local_rank: 0 (pid: 3772095) of binary: /work/sc118/sc118/xliao11/miniconda3/envs/latent/bin/python
ERROR:torch.distributed.elastic.multiprocessing.api:failed (exitcode: 2) local_rank: 0 (pid: 2990466) of binary: /work/sc118/sc118/xliao11/miniconda3/envs/latent/bin/python
ERROR:torch.distributed.elastic.multiprocessing.api:failed (exitcode: 2) local_rank: 0 (pid: 2691740) of binary: /work/sc118/sc118/xliao11/miniconda3/envs/latent/bin/python
ERROR:torch.distributed.elastic.multiprocessing.api:failed (exitcode: 2) local_rank: 0 (pid: 1284488) of binary: /work/sc118/sc118/xliao11/miniconda3/envs/latent/bin/python
Traceback (most recent call last):
  File "/work/sc118/sc118/xliao11/miniconda3/envs/latent/bin/torchrun", line 33, in <module>
Traceback (most recent call last):
  File "/work/sc118/sc118/xliao11/miniconda3/envs/latent/bin/torchrun", line 33, in <module>
Traceback (most recent call last):
  File "/work/sc118/sc118/xliao11/miniconda3/envs/latent/bin/torchrun", line 33, in <module>
Traceback (most recent call last):
  File "/work/sc118/sc118/xliao11/miniconda3/envs/latent/bin/torchrun", line 33, in <module>
    sys.exit(load_entry_point('torch==2.0.1', 'console_scripts', 'torchrun')())
  File "/work/sc118/sc118/xliao11/miniconda3/envs/latent/lib/python3.10/site-packages/torch/distributed/elastic/multiprocessing/errors/__init__.py", line 346, in wrapper
    sys.exit(load_entry_point('torch==2.0.1', 'console_scripts', 'torchrun')())
  File "/work/sc118/sc118/xliao11/miniconda3/envs/latent/lib/python3.10/site-packages/torch/distributed/elastic/multiprocessing/errors/__init__.py", line 346, in wrapper
    sys.exit(load_entry_point('torch==2.0.1', 'console_scripts', 'torchrun')())
  File "/work/sc118/sc118/xliao11/miniconda3/envs/latent/lib/python3.10/site-packages/torch/distributed/elastic/multiprocessing/errors/__init__.py", line 346, in wrapper
    return f(*args, **kwargs)
  File "/work/sc118/sc118/xliao11/miniconda3/envs/latent/lib/python3.10/site-packages/torch/distributed/run.py", line 794, in main
    sys.exit(load_entry_point('torch==2.0.1', 'console_scripts', 'torchrun')())
    return f(*args, **kwargs)
  File "/work/sc118/sc118/xliao11/miniconda3/envs/latent/lib/python3.10/site-packages/torch/distributed/elastic/multiprocessing/errors/__init__.py", line 346, in wrapper
  File "/work/sc118/sc118/xliao11/miniconda3/envs/latent/lib/python3.10/site-packages/torch/distributed/run.py", line 794, in main
    return f(*args, **kwargs)
  File "/work/sc118/sc118/xliao11/miniconda3/envs/latent/lib/python3.10/site-packages/torch/distributed/run.py", line 794, in main
    run(args)
  File "/work/sc118/sc118/xliao11/miniconda3/envs/latent/lib/python3.10/site-packages/torch/distributed/run.py", line 785, in run
    run(args)
  File "/work/sc118/sc118/xliao11/miniconda3/envs/latent/lib/python3.10/site-packages/torch/distributed/run.py", line 785, in run
    return f(*args, **kwargs)
  File "/work/sc118/sc118/xliao11/miniconda3/envs/latent/lib/python3.10/site-packages/torch/distributed/run.py", line 794, in main
    elastic_launch(
  File "/work/sc118/sc118/xliao11/miniconda3/envs/latent/lib/python3.10/site-packages/torch/distributed/launcher/api.py", line 134, in __call__
    elastic_launch(
  File "/work/sc118/sc118/xliao11/miniconda3/envs/latent/lib/python3.10/site-packages/torch/distributed/launcher/api.py", line 134, in __call__
    run(args)
  File "/work/sc118/sc118/xliao11/miniconda3/envs/latent/lib/python3.10/site-packages/torch/distributed/run.py", line 785, in run
    return launch_agent(self._config, self._entrypoint, list(args))
  File "/work/sc118/sc118/xliao11/miniconda3/envs/latent/lib/python3.10/site-packages/torch/distributed/launcher/api.py", line 250, in launch_agent
    run(args)
    return launch_agent(self._config, self._entrypoint, list(args))
  File "/work/sc118/sc118/xliao11/miniconda3/envs/latent/lib/python3.10/site-packages/torch/distributed/run.py", line 785, in run
  File "/work/sc118/sc118/xliao11/miniconda3/envs/latent/lib/python3.10/site-packages/torch/distributed/launcher/api.py", line 250, in launch_agent
    elastic_launch(
  File "/work/sc118/sc118/xliao11/miniconda3/envs/latent/lib/python3.10/site-packages/torch/distributed/launcher/api.py", line 134, in __call__
    raise ChildFailedError(
torch.distributed.elastic.multiprocessing.errors.ChildFailedError: 
============================================================
train.py FAILED
------------------------------------------------------------
Failures:
[1]:
  time      : 2023-10-19_10:45:08
  host      : r2i7n6.ib0.icexa.epcc.ed.ac.uk
  rank      : 9 (local_rank: 1)
  exitcode  : 2 (pid: 2691741)
  error_file: <N/A>
  traceback : To enable traceback see: https://pytorch.org/docs/stable/elastic/errors.html
[2]:
  time      : 2023-10-19_10:45:08
  host      : r2i7n6.ib0.icexa.epcc.ed.ac.uk
  rank      : 10 (local_rank: 2)
  exitcode  : 2 (pid: 2691742)
  error_file: <N/A>
  traceback : To enable traceback see: https://pytorch.org/docs/stable/elastic/errors.html
[3]:
  time      : 2023-10-19_10:45:08
  host      : r2i7n6.ib0.icexa.epcc.ed.ac.uk
  rank      : 11 (local_rank: 3)
  exitcode  : 2 (pid: 2691743)
  error_file: <N/A>
  traceback : To enable traceback see: https://pytorch.org/docs/stable/elastic/errors.html
------------------------------------------------------------
Root Cause (first observed failure):
[0]:
  time      : 2023-10-19_10:45:08
  host      : r2i7n6.ib0.icexa.epcc.ed.ac.uk
  rank      : 8 (local_rank: 0)
  exitcode  : 2 (pid: 2691740)
  error_file: <N/A>
  traceback : To enable traceback see: https://pytorch.org/docs/stable/elastic/errors.html
============================================================
    elastic_launch(
    return launch_agent(self._config, self._entrypoint, list(args))
    raise ChildFailedError(
  File "/work/sc118/sc118/xliao11/miniconda3/envs/latent/lib/python3.10/site-packages/torch/distributed/launcher/api.py", line 134, in __call__
  File "/work/sc118/sc118/xliao11/miniconda3/envs/latent/lib/python3.10/site-packages/torch/distributed/launcher/api.py", line 250, in launch_agent
torch.distributed.elastic.multiprocessing.errors.ChildFailedError: 
============================================================
train.py FAILED
------------------------------------------------------------
Failures:
[1]:
  time      : 2023-10-19_10:45:08
  host      : r2i7n5.ib0.icexa.epcc.ed.ac.uk
  rank      : 5 (local_rank: 1)
  exitcode  : 2 (pid: 1284489)
  error_file: <N/A>
  traceback : To enable traceback see: https://pytorch.org/docs/stable/elastic/errors.html
[2]:
  time      : 2023-10-19_10:45:08
  host      : r2i7n5.ib0.icexa.epcc.ed.ac.uk
  rank      : 6 (local_rank: 2)
  exitcode  : 2 (pid: 1284490)
  error_file: <N/A>
  traceback : To enable traceback see: https://pytorch.org/docs/stable/elastic/errors.html
[3]:
  time      : 2023-10-19_10:45:08
  host      : r2i7n5.ib0.icexa.epcc.ed.ac.uk
  rank      : 7 (local_rank: 3)
  exitcode  : 2 (pid: 1284491)
  error_file: <N/A>
  traceback : To enable traceback see: https://pytorch.org/docs/stable/elastic/errors.html
    return launch_agent(self._config, self._entrypoint, list(args))
------------------------------------------------------------
Root Cause (first observed failure):
[0]:
  time      : 2023-10-19_10:45:08
  host      : r2i7n5.ib0.icexa.epcc.ed.ac.uk
  rank      : 4 (local_rank: 0)
  exitcode  : 2 (pid: 1284488)
  error_file: <N/A>
  traceback : To enable traceback see: https://pytorch.org/docs/stable/elastic/errors.html
============================================================
  File "/work/sc118/sc118/xliao11/miniconda3/envs/latent/lib/python3.10/site-packages/torch/distributed/launcher/api.py", line 250, in launch_agent
    raise ChildFailedError(
torch.distributed.elastic.multiprocessing.errors.ChildFailedError: 
============================================================
train.py FAILED
------------------------------------------------------------
Failures:
[1]:
  time      : 2023-10-19_10:45:08
  host      : r2i7n7.ib0.icexa.epcc.ed.ac.uk
  rank      : 13 (local_rank: 1)
  exitcode  : 2 (pid: 3772096)
  error_file: <N/A>
  traceback : To enable traceback see: https://pytorch.org/docs/stable/elastic/errors.html
[2]:
  time      : 2023-10-19_10:45:08
  host      : r2i7n7.ib0.icexa.epcc.ed.ac.uk
  rank      : 14 (local_rank: 2)
  exitcode  : 2 (pid: 3772097)
  error_file: <N/A>
  traceback : To enable traceback see: https://pytorch.org/docs/stable/elastic/errors.html
[3]:
  time      : 2023-10-19_10:45:08
  host      : r2i7n7.ib0.icexa.epcc.ed.ac.uk
  rank      : 15 (local_rank: 3)
  exitcode  : 2 (pid: 3772098)
  error_file: <N/A>
  traceback : To enable traceback see: https://pytorch.org/docs/stable/elastic/errors.html
------------------------------------------------------------
Root Cause (first observed failure):
[0]:
  time      : 2023-10-19_10:45:08
  host      : r2i7n7.ib0.icexa.epcc.ed.ac.uk
  rank      : 12 (local_rank: 0)
  exitcode  : 2 (pid: 3772095)
  error_file: <N/A>
  traceback : To enable traceback see: https://pytorch.org/docs/stable/elastic/errors.html
============================================================
    raise ChildFailedError(
torch.distributed.elastic.multiprocessing.errors.ChildFailedError: 
============================================================
train.py FAILED
------------------------------------------------------------
Failures:
[1]:
  time      : 2023-10-19_10:45:08
  host      : r2i7n3.ib0.icexa.epcc.ed.ac.uk
  rank      : 1 (local_rank: 1)
  exitcode  : 2 (pid: 2990467)
  error_file: <N/A>
  traceback : To enable traceback see: https://pytorch.org/docs/stable/elastic/errors.html
[2]:
  time      : 2023-10-19_10:45:08
  host      : r2i7n3.ib0.icexa.epcc.ed.ac.uk
  rank      : 2 (local_rank: 2)
  exitcode  : 2 (pid: 2990468)
  error_file: <N/A>
  traceback : To enable traceback see: https://pytorch.org/docs/stable/elastic/errors.html
[3]:
  time      : 2023-10-19_10:45:08
  host      : r2i7n3.ib0.icexa.epcc.ed.ac.uk
  rank      : 3 (local_rank: 3)
  exitcode  : 2 (pid: 2990469)
  error_file: <N/A>
  traceback : To enable traceback see: https://pytorch.org/docs/stable/elastic/errors.html
------------------------------------------------------------
Root Cause (first observed failure):
[0]:
  time      : 2023-10-19_10:45:08
  host      : r2i7n3.ib0.icexa.epcc.ed.ac.uk
  rank      : 0 (local_rank: 0)
  exitcode  : 2 (pid: 2990466)
  error_file: <N/A>
  traceback : To enable traceback see: https://pytorch.org/docs/stable/elastic/errors.html
============================================================
srun: error: r2i7n6: task 2: Exited with exit code 1
srun: launch/slurm: _step_signal: Terminating StepId=4950023.1
slurmstepd: error: *** STEP 4950023.1 ON r2i7n3 CANCELLED AT 2023-10-19T10:45:08 ***
srun: error: r2i7n3: task 0: Terminated
srun: error: r2i7n5: task 1: Terminated
srun: error: r2i7n7: task 3: Terminated
srun: Force Terminated StepId=4950023.1
